2020-04-29 15:44:25,346  INFO [main] Registration Test Case:79 - Registration Test Case Starts Here
 2020-04-29 15:44:30,003  INFO [main] Registration Test Case:140 - Test Case 1 (Smoke Testing): Check Registration Form is Saving Without Filling Any Information.
 2020-04-29 15:44:37,648  INFO [main] Registration Test Case:157 - Test Case 2 (Functional or End-to-end Testing): Check Registration Form Functionality By Filling All Information And Verify End-to-end Testing Cycle.
 2020-04-29 15:46:58,820  INFO [main] Registration Test Case:79 - Registration Test Case Starts Here
 2020-04-29 15:47:03,359  INFO [main] Registration Test Case:140 - Test Case 1 (Smoke Testing): Check Registration Form is Saving Without Filling Any Information.
 2020-04-29 15:47:13,191  INFO [main] Registration Test Case:157 - Test Case 2 (Functional or End-to-end Testing): Check Registration Form Functionality By Filling All Information And Verify End-to-end Testing Cycle.
 2020-04-29 15:50:07,828  INFO [main] Registration Test Case:218 - Registration Test Case Ends Here
 2020-04-29 16:37:30,369  INFO [main] Registration Test Case:79 - Registration Test Case Starts Here
 2020-04-29 16:37:34,523  INFO [main] Registration Test Case:140 - Test Case 1 (Smoke Testing): Check Registration Form is Saving Without Filling Any Information.
 2020-04-29 16:37:38,237  INFO [main] Registration Test Case:157 - Test Case 2 (Functional or End-to-end Testing): Check Registration Form Functionality By Filling All Information And Verify End-to-end Testing Cycle.
 2020-04-29 16:38:02,984  INFO [main] Registration Test Case:79 - Registration Test Case Starts Here
 2020-04-29 16:38:11,207  INFO [main] Registration Test Case:140 - Test Case 1 (Smoke Testing): Check Registration Form is Saving Without Filling Any Information.
 2020-04-29 16:38:13,665  INFO [main] Registration Test Case:157 - Test Case 2 (Functional or End-to-end Testing): Check Registration Form Functionality By Filling All Information And Verify End-to-end Testing Cycle.
 2020-04-29 16:38:35,821  INFO [main] Registration Test Case:218 - Registration Test Case Ends Here
 2020-04-29 16:40:02,977  INFO [main] Registration Test Case:79 - Registration Test Case Starts Here
 2020-04-29 16:40:10,987  INFO [main] Registration Test Case:157 - Test Case 2 (Functional or End-to-end Testing): Check Registration Form Functionality By Filling All Information And Verify End-to-end Testing Cycle.
 2020-04-29 16:40:26,502  INFO [main] Registration Test Case:79 - Registration Test Case Starts Here
 2020-04-29 16:40:34,541  INFO [main] Registration Test Case:140 - Test Case 1 (Smoke Testing): Check Registration Form is Saving Without Filling Any Information.
 2020-04-29 16:40:37,770  INFO [main] Registration Test Case:157 - Test Case 2 (Functional or End-to-end Testing): Check Registration Form Functionality By Filling All Information And Verify End-to-end Testing Cycle.
 2020-04-29 16:41:22,309  INFO [main] Registration Test Case:79 - Registration Test Case Starts Here
 2020-04-29 16:41:38,447  INFO [main] Registration Test Case:140 - Test Case 1 (Smoke Testing): Check Registration Form is Saving Without Filling Any Information.
 2020-04-29 16:41:41,169  INFO [main] Registration Test Case:157 - Test Case 2 (Functional or End-to-end Testing): Check Registration Form Functionality By Filling All Information And Verify End-to-end Testing Cycle.
 2020-04-29 16:42:11,230  INFO [main] Registration Test Case:79 - Registration Test Case Starts Here
 2020-04-29 16:42:15,996  INFO [main] Registration Test Case:140 - Test Case 1 (Smoke Testing): Check Registration Form is Saving Without Filling Any Information.
 2020-04-29 16:42:22,430  INFO [main] Registration Test Case:157 - Test Case 2 (Functional or End-to-end Testing): Check Registration Form Functionality By Filling All Information And Verify End-to-end Testing Cycle.
 2020-04-29 16:51:20,426  INFO [main] Registration Test Case:79 - Registration Test Case Starts Here
 2020-04-29 16:51:24,754  INFO [main] Registration Test Case:140 - Test Case 1 (Smoke Testing): Check Registration Form is Saving Without Filling Any Information.
 2020-04-29 16:51:31,140  INFO [main] Registration Test Case:157 - Test Case 2 (Functional or End-to-end Testing): Check Registration Form Functionality By Filling All Information And Verify End-to-end Testing Cycle.
 2020-04-29 17:03:00,745  INFO [main] Registration Test Case:80 - Registration Test Case Starts Here
 2020-04-29 17:03:05,321  INFO [main] Registration Test Case:141 - Test Case 1 (Smoke Testing): Check Registration Form is Saving Without Filling Any Information.
 2020-04-29 17:03:12,459  INFO [main] Registration Test Case:158 - Test Case 2 (Functional or End-to-end Testing): Check Registration Form Functionality By Filling All Information And Verify End-to-end Testing Cycle.
 2020-04-29 17:06:38,076  INFO [main] Registration Test Case:219 - Registration Test Case Ends Here
 